Iteration	Posterior	Likelihood	Prior	rate_log_sd	tree_length
0	-1038.641	-1269.896	231.255	0.7272644	2.711225
6	-1043.409	-1275.596	232.187	0.7241641	2.124957
12	-1039.524	-1272.194	232.6698	0.7189662	1.804407
18	-1033.428	-1265.297	231.8686	0.8991282	2.218159
24	-1019.5	-1251.965	232.465	0.8395432	1.862278
30	-1028.612	-1261.518	232.9066	1.050934	1.389304
36	-1036.481	-1269.321	232.8407	1.11684	1.389304
42	-1053.334	-1286.184	232.8502	1.165251	1.343603
48	-1047.73	-1280.505	232.775	1.194774	1.379699
54	-1060.151	-1291.693	231.542	0.9068564	2.421416
60	-1046.832	-1278.663	231.8309	1.009337	2.171168
66	-1041.937	-1273.728	231.7908	1.04942	2.171168
72	-1042.748	-1274.826	232.0786	1.040225	1.987751
78	-1036.069	-1268.092	232.0233	0.9875468	2.059452
84	-1035.152	-1268.141	232.9891	1.041803	1.331277
90	-1024.249	-1256.958	232.7085	1.015653	1.565781
96	-1039.279	-1272.014	232.7351	1.127696	1.462248
102	-1041.066	-1272.877	231.8111	0.9539808	2.219836
108	-1035.119	-1267	231.8814	0.873189	2.226622
114	-1037.67	-1269.433	231.763	0.991593	2.226622
120	-1045.697	-1277.247	231.5499	0.7059308	2.542273
126	-1036.025	-1268.381	232.3553	0.9707987	1.847525
132	-1037.383	-1270.109	232.7257	1.006124	1.560136
138	-1052.396	-1285.695	233.2986	1.064996	1.042825
144	-1035.766	-1268.813	233.0475	1.24819	1.106383
150	-1027.952	-1261.078	233.1253	1.467024	0.7890534
156	-1026.389	-1259.548	233.1586	1.330819	0.913955
162	-1024.306	-1256.858	232.5523	1.355245	1.428042
168	-1029.526	-1262.15	232.6241	0.9522084	1.672713
174	-1030.338	-1263.229	232.8914	0.9171985	1.503121
180	-1035.59	-1267.8	232.2105	1.094613	1.861886
186	-1037.515	-1270.033	232.5182	1.067132	1.666286
192	-1036.477	-1269.666	233.189	1.382386	0.8167491
198	-1021.737	-1254.516	232.7785	1.449454	1.166853
204	-1021.751	-1254.271	232.5201	1.161371	1.596987
210	-1010.326	-1243.396	233.0694	1.165213	1.160982
216	-1028.113	-1260.808	232.6947	1.447414	1.240236
222	-1025.117	-1258.183	233.0662	1.556985	0.7445782
228	-1046.478	-1279.295	232.8169	1.855013	0.6597826
234	-1048.895	-1281.714	232.8189	1.760113	0.8068165
240	-1041.701	-1274.681	232.9798	1.686949	0.6701412
246	-1045.955	-1278.934	232.9791	1.435504	0.992648
252	-1031.485	-1264.416	232.9304	1.245839	1.211441
258	-1041.305	-1274.223	232.9178	1.258455	1.211441
264	-1052.43	-1285.283	232.8535	1.521951	1.031412
270	-1052.688	-1285.731	233.0426	1.371727	0.993005
276	-1069.281	-1302.346	233.0647	1.397159	0.9438569
282	-1051.863	-1284.853	232.9899	1.596562	0.7969354
288	-1048.127	-1281.354	233.227	1.448875	0.6514251
294	-1051.601	-1284.52	232.9186	1.334652	1.144497
300	-1034.666	-1267.914	233.248	1.186116	0.9727777
306	-1048.823	-1281.57	232.7476	1.076946	1.491141
312	-1058.15	-1291.334	233.1836	1.319502	0.8987134
318	-1023.848	-1256.846	232.9974	1.383143	1.026454
324	-1030.365	-1263.434	233.069	1.482846	0.8414112
330	-1041.224	-1274.293	233.0682	1.495718	0.8263187
336	-1039.329	-1272.559	233.2301	1.326716	0.8352341
342	-1041.966	-1274.797	232.8313	1.525913	1.048985
348	-1045.748	-1278.832	233.0844	1.440247	0.8739625
354	-1041.025	-1274.285	233.2601	1.358123	0.7521672
360	-1029.617	-1262.778	233.1613	1.451268	0.7604799
366	-1033.406	-1266.632	233.2262	1.34207	0.8208044
372	-1047.337	-1280.066	232.7289	1.25324	1.369968
378	-1043.414	-1276.393	232.9786	1.369645	1.057499
384	-1044.841	-1277.868	233.027	1.383631	0.9966545
390	-1032.447	-1265.362	232.9149	1.176637	1.282163
396	-1024.887	-1257.409	232.5222	1.006877	1.706269
402	-1032.578	-1264.885	232.3069	0.7832144	2.006909
408	-1045.521	-1277.967	232.4463	0.8870059	1.842579
414	-1038.628	-1271.27	232.6421	0.8969053	1.699224
420	-1048.699	-1281.678	232.98	1.085091	1.303756
426	-1049.776	-1282.297	232.5204	1.093745	1.645625
432	-1049.761	-1281.958	232.1974	0.9438987	1.972731
438	-1058.838	-1291.181	232.3427	0.7985301	1.972731
444	-1044.161	-1277.1	232.9383	0.9374459	1.452404
450	-1037.332	-1269.858	232.5262	0.9707165	1.728964
456	-1055.556	-1288.09	232.5338	0.8754	1.790263
462	-1047.267	-1279.116	231.8491	0.8357789	2.271444
468	-1038.207	-1271.043	232.8362	1.109484	1.398519
474	-1037.301	-1269.767	232.4666	1.150129	1.643781
480	-1051.49	-1284.405	232.9145	1.035741	1.395015
486	-1056.469	-1289.196	232.7274	1.184963	1.424343
492	-1043.926	-1276.975	233.0495	1.184963	1.161119
498	-1059.296	-1292.369	233.0733	1.161127	1.161119
504	-1053.276	-1285.873	232.5973	1.28187	1.449751
510	-1046.977	-1280.189	233.2119	1.107355	1.084644
516	-1055.357	-1288.457	233.1002	1.393147	0.9096435
522	-1061.868	-1294.866	232.9981	1.495189	0.9096435
528	-1053.915	-1286.976	233.0603	1.54349	0.7730551
534	-1054.579	-1287.503	232.9242	1.625812	0.8436357
540	-1038.448	-1271.505	233.0573	1.625812	0.6351987
546	-1040.452	-1273.485	233.033	1.6733	0.5655247
552	-1043.045	-1276.173	233.1285	1.501108	0.7346538
558	-1038.351	-1271.405	233.0539	1.647206	0.5850773
564	-1035.937	-1269.012	233.0755	1.634857	0.5451536
570	-1046.909	-1279.752	232.843	1.856679	0.4195485
576	-1053.908	-1286.768	232.8605	1.758605	0.750801
582	-1039.38	-1272.476	233.0963	1.575245	0.6605303
588	-1054.878	-1287.913	233.0355	1.207678	1.153492
594	-1046.256	-1279.287	233.0304	1.243436	1.126122
600	-1046.081	-1279.021	232.9392	1.177777	1.261238
606	-1072.128	-1304.261	232.1331	1.031429	1.957143
612	-1070.142	-1302.015	231.8739	1.083355	2.094718
618	-1075.26	-1307.853	232.5929	1.021331	1.645603
624	-1059.647	-1292.311	232.6641	0.944139	1.649875
630	-1065.162	-1297.652	232.4898	1.118474	1.649875
636	-1065.683	-1298.588	232.9052	1.085843	1.363005
642	-1062.971	-1296.104	233.1331	1.496084	0.7354009
648	-1054.901	-1287.889	232.9883	1.560945	0.8445817
654	-1043.478	-1276.543	233.0644	1.649757	0.5038844
660	-1046.973	-1279.874	232.9007	1.809342	0.4560214
666	-1057.689	-1290.759	233.0692	1.619909	0.6203993
672	-1048.307	-1281.207	232.9	1.381897	1.118916
678	-1035.189	-1268.407	233.2187	1.323521	0.8531141
684	-1041.449	-1274.512	233.0638	1.534172	0.7812875
690	-1038.824	-1271.899	233.0743	1.592763	0.6696191
696	-1038.358	-1271.608	233.2501	1.354685	0.7716512
702	-1036.362	-1269.219	232.8562	1.210327	1.302597
708	-1048.366	-1281.547	233.1812	1.117485	1.103631
714	-1042.751	-1275.233	232.4824	1.450039	1.408819
720	-1051.01	-1283.625	232.6144	1.181321	1.512734
726	-1037.705	-1269.873	232.1683	1.170318	1.838972
732	-1032.758	-1265.178	232.4194	1.040591	1.754857
738	-1035.462	-1268.02	232.5581	0.8928593	1.761164
744	-1037.005	-1268.524	231.519	0.773291	2.519555
750	-1034.192	-1266.507	232.3151	0.7944994	1.993915
756	-1030.146	-1262.356	232.2092	0.6067638	2.186916
762	-1030.574	-1263.032	232.4579	0.5795442	2.041858
768	-1027.623	-1259.385	231.7618	0.6452953	2.447693
774	-1015.438	-1247.689	232.2509	0.7916059	2.038542
780	-1015.056	-1247.612	232.5562	0.6853405	1.905186
786	-1019.993	-1252.848	232.8558	0.8912665	1.548864
792	-1028.706	-1261.654	232.9484	1.019527	1.381155
798	-1021.991	-1254.903	232.912	1.490635	1.004678
804	-1030.24	-1263.383	233.1432	1.39452	0.8585451
810	-1029.281	-1262.354	233.0726	1.521282	0.7869216
816	-1041.871	-1274.757	232.8851	1.622619	0.8934433
822	-1048.106	-1281.137	233.0313	1.541939	0.8144266
828	-1049.151	-1282.151	233.0002	1.529299	0.8683458
834	-1046.515	-1279.698	233.1831	1.375327	0.8332396
840	-1045.494	-1278.533	233.0391	1.125583	1.221249
846	-1045.543	-1278.629	233.0861	1.344019	0.9769053
852	-1045.683	-1278.714	233.031	1.14594	1.210812
858	-1051.177	-1283.544	232.3667	1.009292	1.813201
864	-1038.285	-1270.991	232.7068	1.033353	1.553971
870	-1054.233	-1285.987	231.7539	1.11296	2.153854
876	-1045.563	-1277.581	232.0182	0.8486878	2.153854
882	-1027.119	-1260.232	233.1129	1.12921	1.154395
888	-1039.002	-1271.773	232.771	1.12921	1.433678
894	-1032.5	-1265.13	232.6304	1.269811	1.433678
900	-1035.958	-1268.583	232.6251	1.036325	1.611515
906	-1050.647	-1283.177	232.5305	1.12181	1.618164
912	-1047.59	-1280.579	232.9892	1.128518	1.260583
918	-1062.206	-1295.156	232.9506	1.203864	1.229882
924	-1050.13	-1282.991	232.8603	1.051078	1.425109
930	-1048.339	-1281.008	232.6689	1.102629	1.530822
936	-1037.571	-1270.54	232.9691	1.077628	1.318588
942	-1044.962	-1277.785	232.8229	1.223787	1.318588
948	-1045.372	-1278.316	232.9439	1.102854	1.318588
954	-1030.756	-1263.182	232.426	0.9513968	1.812273
960	-1029.747	-1262.47	232.7229	1.121886	1.47593
966	-1042.225	-1275.005	232.7803	1.121886	1.432142
972	-1034.136	-1267.093	232.9573	1.295052	1.145364
978	-1046.316	-1279.611	233.2951	1.295052	0.791981
984	-1051.593	-1284.6	233.0066	1.490878	0.9050505
990	-1041.285	-1274.287	233.0017	1.495719	0.9050505
996	-1048.181	-1281.263	233.0825	1.395079	0.9269292
