Iteration	Posterior	Likelihood	Prior	rate_log_sd	tree_length
0	-1148.755	-1380.284	231.5288	1.027966	2.353137
6	-1135.831	-1367.418	231.5868	0.9975383	2.335659
12	-1161.096	-1391.824	230.728	0.6581854	3.071692
18	-1141.235	-1372.726	231.4908	0.9867592	2.403293
24	-1150.653	-1382.843	232.1904	1.057437	1.900907
30	-1145.779	-1377.751	231.9717	1.153076	1.983775
36	-1159.225	-1391.281	232.0563	1.149134	1.9296
42	-1144.275	-1376.549	232.2743	1.149134	1.780327
48	-1152.648	-1384.798	232.1498	1.234058	1.807806
54	-1147.657	-1380.018	232.3609	1.194053	1.687935
60	-1161.562	-1394.02	232.4577	1.207399	1.608871
66	-1168.994	-1401.615	232.6205	1.4236	1.320713
72	-1176.688	-1408.457	231.7685	1.247067	2.056328
78	-1160.052	-1392.675	232.6232	1.68212	1.097533
84	-1161.323	-1394.002	232.6797	1.625617	1.097533
90	-1151.942	-1384.441	232.4983	1.29037	1.518067
96	-1165.856	-1398.612	232.756	1.12548	1.447992
102	-1169.734	-1402.637	232.9026	1.380359	1.1179
108	-1143.775	-1376.733	232.9583	1.338577	1.10522
114	-1147.024	-1379.706	232.6811	1.160723	1.478154
120	-1145.908	-1378.757	232.8487	0.9954887	1.476373
126	-1124.932	-1356.822	231.8906	1.068691	2.093409
132	-1132.09	-1363.427	231.3375	0.7788241	2.628748
138	-1137.518	-1368.157	230.6389	0.8517852	3.009134
144	-1104.905	-1337.944	233.0389	1.549604	0.794199
150	-1130.865	-1363.907	233.0424	1.577275	0.7498954
156	-1157.808	-1390.785	232.9774	1.729654	0.4426847
162	-1158.342	-1390.834	232.4919	2.153539	0.3368039
168	-1136.576	-1369.51	232.9346	1.775134	0.5483802
174	-1143.594	-1376.505	232.9108	1.775134	0.6284206
180	-1154.752	-1387.504	232.7518	1.775134	0.8712716
186	-1187.825	-1421.034	233.2098	1.13382	1.061849
192	-1132.566	-1365.72	233.1539	1.356236	0.8907167
198	-1146.212	-1378.708	232.4961	1.332029	1.488434
204	-1147.597	-1380.3	232.703	1.332029	1.327991
210	-1143.88	-1376.371	232.4914	1.341436	1.484937
216	-1132.353	-1365.167	232.8142	1.50855	1.08144
222	-1118.431	-1351.114	232.6837	1.519011	1.18875
228	-1143.012	-1375.799	232.7876	1.507575	1.106794
234	-1147.983	-1380.522	232.5389	1.295359	1.483832
240	-1165.715	-1397.946	232.2301	1.180896	1.788958
246	-1139.123	-1371.111	231.9881	0.924323	2.124149
252	-1163.623	-1396.331	232.7075	1.293285	1.355286
258	-1170.711	-1403.482	232.7705	1.188404	1.388253
264	-1142.491	-1373.52	231.0293	1.100727	2.620279
270	-1125.79	-1357.899	232.1089	0.921159	2.046741
276	-1148.242	-1380.592	232.3494	1.506278	1.46767
282	-1142.775	-1375.406	232.6307	1.738677	1.0373
288	-1151.088	-1383.774	232.686	1.729617	0.9917052
294	-1150.086	-1382.31	232.2245	1.258401	1.738835
300	-1143.553	-1376.453	232.8998	1.258401	1.226716
306	-1138.948	-1372.016	233.068	1.21201	1.120537
312	-1130.66	-1363.722	233.0617	1.572767	0.7269952
318	-1164.146	-1397.159	233.0124	1.532732	0.8496553
324	-1129.075	-1361.743	232.6687	1.532732	1.189899
330	-1127.841	-1360.701	232.8594	1.76772	0.7385723
336	-1144.534	-1377.538	233.0041	1.245814	1.147534
342	-1133.123	-1365.645	232.5224	1.245814	1.53324
348	-1165.215	-1398.023	232.8086	1.267448	1.294844
354	-1159.444	-1392.125	232.681	1.62147	1.100189
360	-1169.643	-1402.588	232.9456	1.282783	1.166488
366	-1169.361	-1402.189	232.8279	1.40536	1.162204
372	-1174.423	-1407.233	232.8107	1.32482	1.245781
378	-1129.722	-1362.815	233.0935	1.473627	0.8222862
384	-1104.78	-1337.736	232.9563	1.610828	0.8222862
390	-1121.224	-1354.206	232.9817	1.610828	0.7887248
396	-1147.414	-1380.336	232.9221	1.513269	0.9715404
402	-1135.218	-1368.06	232.8427	1.396437	1.157047
408	-1126.401	-1359.469	233.0685	1.593058	0.6802128
414	-1117.023	-1349.655	232.6317	1.48355	1.262657
420	-1120.468	-1353.189	232.7216	1.191037	1.424098
426	-1129.981	-1363.122	233.1409	1.331293	0.9328063
432	-1128.97	-1362.03	233.0602	1.224245	1.116587
438	-1138.387	-1371.103	232.7163	1.368264	1.287899
444	-1152.047	-1384.239	232.1923	0.8725069	2.02371
450	-1167.689	-1399.258	231.5698	1.013384	2.336378
456	-1164.343	-1395.963	231.62	0.559186	2.58985
462	-1144.048	-1376.095	232.0467	1.132877	1.94702
468	-1129.432	-1362.18	232.7481	1.224821	1.377205
474	-1133.611	-1366.31	232.6987	1.274288	1.377205
480	-1118.06	-1350.145	232.0856	0.9400848	2.049629
486	-1137.12	-1369.887	232.7675	1.317615	1.287447
492	-1125.662	-1357.692	232.0294	1.185254	1.923396
498	-1120.938	-1353.682	232.7444	1.053908	1.510844
504	-1145.873	-1377.801	231.928	1.055407	2.077553
510	-1178.529	-1409.708	231.1797	0.9145284	2.642372
516	-1169.689	-1401.838	232.149	1.023492	1.951773
522	-1189.589	-1422.535	232.9467	1.097619	1.320512
528	-1200.759	-1433.705	232.9462	1.555193	0.9006042
534	-1185.878	-1418.728	232.8497	1.39044	1.156121
540	-1170.055	-1403.081	233.0255	1.343409	1.037704
546	-1152.015	-1383.594	231.5792	1.10319	2.273005
552	-1177.836	-1409.265	231.4286	1.038597	2.409835
558	-1184.041	-1416.749	232.7071	1.261459	1.380672
564	-1182.755	-1415.769	233.0141	1.272262	1.114815
570	-1201.842	-1434.798	232.9558	1.612783	0.8203943
576	-1205.013	-1437.859	232.846	1.612783	0.9471294
582	-1186.664	-1419.613	232.9488	1.49245	0.9654369
588	-1200.928	-1433.756	232.8277	1.210212	1.325682
594	-1167.51	-1400.307	232.7961	1.183877	1.371719
600	-1156.827	-1389.652	232.8248	1.229885	1.312188
606	-1163.976	-1394.94	230.9643	1.295578	2.539775
612	-1130.85	-1363.521	232.6716	1.295578	1.381744
618	-1150.268	-1382.243	231.9746	1.198261	1.951525
624	-1149.307	-1381.729	232.4211	1.289525	1.575708
630	-1154.037	-1386.154	232.1171	1.309682	1.77803
636	-1172.484	-1405.203	232.7197	1.347967	1.301644
642	-1159.776	-1392.864	233.0879	1.530138	0.7524175
648	-1126.325	-1359.375	233.0499	1.593688	0.7120982
654	-1129.336	-1362.242	232.9057	1.64539	0.8423521
660	-1126.605	-1359.261	232.6568	1.872402	0.8686034
666	-1108.562	-1341.004	232.4425	1.030095	1.746012
672	-1121.891	-1355.117	233.226	1.156115	1.024941
678	-1140.438	-1373.7	233.2615	1.156115	0.9896061
684	-1129.568	-1362.504	232.9361	1.363756	1.102575
690	-1126.051	-1358.462	232.4109	1.650867	1.306457
696	-1110.826	-1343.413	232.5872	1.474504	1.306457
702	-1122.715	-1355.22	232.5051	1.414664	1.418592
708	-1135.509	-1368.31	232.8012	1.414664	1.177341
714	-1167.792	-1400.505	232.7125	1.517931	1.164614
720	-1159.137	-1392.085	232.9476	1.282832	1.164614
726	-1151.702	-1384.592	232.8904	0.9745133	1.460657
732	-1159.719	-1393.126	233.4074	1.130258	0.8586659
738	-1175.95	-1408.932	232.982	1.685572	0.6686404
744	-1145.707	-1378.689	232.9827	1.590667	0.8141811
750	-1147.397	-1380.16	232.7625	1.847612	0.7639635
756	-1148.071	-1380.92	232.8493	1.847172	0.6001968
762	-1176.46	-1407.928	231.4682	1.575259	2.037914
768	-1197.235	-1428.93	231.6951	1.051778	2.231591
774	-1192.962	-1424.997	232.0351	0.724363	2.22347
780	-1173.578	-1405.175	231.5974	1.162056	2.22347
786	-1145.988	-1378.519	232.5301	1.115408	1.623052
792	-1160.226	-1393.157	232.9308	1.337123	1.131455
798	-1161.98	-1394.292	232.3125	1.238073	1.691026
804	-1143.307	-1375.007	231.7	0.7568308	2.41639
810	-1159.093	-1391.42	232.3271	1.01672	1.835365
816	-1171.329	-1402.892	231.5629	1.443691	2.062278
822	-1170.05	-1402.668	232.6186	1.084376	1.581264
828	-1122.886	-1355.148	232.2622	1.155135	1.784616
834	-1165.518	-1397.829	232.3116	1.069361	1.809805
840	-1179.798	-1412.419	232.6208	1.132702	1.544131
846	-1155.689	-1388.514	232.8246	1.165238	1.363908
852	-1129.717	-1361.974	232.2573	1.164396	1.781565
858	-1141.982	-1374.568	232.586	1.063083	1.6205
864	-1140.275	-1373.054	232.7784	1.121819	1.433693
870	-1155.169	-1387.072	231.9029	1.207768	1.993191
876	-1136.017	-1368.664	232.6472	0.9839823	1.633373
882	-1133.166	-1365.096	231.9308	0.9396286	2.151553
888	-1135.71	-1368.204	232.4941	1.247402	1.552996
894	-1162.027	-1393.781	231.7537	1.421772	1.949768
900	-1162.084	-1393.535	231.4508	0.9055217	2.479548
906	-1158.409	-1389.036	230.6269	0.6834215	3.116919
912	-1151.442	-1381.874	230.4321	0.7467581	3.195011
918	-1150.156	-1381.132	230.9762	0.590828	2.963298
924	-1139.524	-1369.693	230.169	0.7318147	3.359061
930	-1175.924	-1406.886	230.9612	0.567439	2.986363
936	-1186.886	-1417.474	230.5878	0.7529792	3.098758
942	-1176.43	-1408.104	231.6737	0.7251075	2.452897
948	-1173.213	-1405.725	232.512	0.927358	1.76923
954	-1159.82	-1390.1	230.2796	0.6548501	3.339308
960	-1151.145	-1383.693	232.548	1.422602	1.379064
966	-1152.435	-1384.983	232.548	1.422602	1.379064
972	-1158.184	-1390.576	232.3922	1.283978	1.60084
978	-1172.715	-1405.633	232.9188	1.16536	1.288228
984	-1153.751	-1386.581	232.8303	1.303116	1.247559
990	-1137.847	-1370.702	232.8548	1.567099	0.9853143
996	-1171.294	-1403.937	232.6423	1.254535	1.436286
