Iteration	Posterior	Likelihood	Prior	rate_log_sd	tree_length
0	-2540.659	-2771.894	231.2351	3.44464	0.6428935
6	-2513.014	-2744.407	231.3926	3.160168	0.8402733
12	-2619.27	-2850.98	231.7095	2.971325	0.6405791
18	-2609.18	-2837.896	228.7157	3.755959	2.407025
24	-2748.394	-2980.298	231.9039	1.851022	1.543078
30	-2598.205	-2825.183	226.978	4.307631	3.131603
36	-2643.054	-2873.436	230.382	2.028746	2.445417
42	-2594.916	-2824.27	229.354	3.056685	2.445417
48	-2525.43	-2753.523	228.0931	3.007636	3.241292
54	-2503.546	-2734.344	230.798	3.013517	1.500968
60	-2603.659	-2835.435	231.7762	2.605109	1.025732
66	-2545.363	-2776.24	230.877	3.53286	0.9974245
72	-2561.406	-2791.284	229.8788	2.293884	2.593924
78	-2583.158	-2814.707	231.5492	2.590709	1.242146
84	-2575.583	-2806.201	230.6181	2.328679	2.101643
90	-2552.966	-2783.611	230.6452	2.301528	2.101643
96	-2524.288	-2753.457	229.1686	3.778146	2.101643
102	-2463.121	-2693.329	230.2086	4.469331	0.6468735
108	-2510.773	-2741.325	230.5514	3.797667	1.056672
114	-2448.123	-2678.35	230.2269	2.556711	2.207868
120	-2552.309	-2784.223	231.914	2.693946	0.7671206
126	-2581.506	-2809.837	228.3314	4.800576	1.978989
132	-2601.079	-2825.691	224.6125	4.800576	4.216647
138	-2570.564	-2801.37	230.8063	2.222694	2.047444
144	-2555.462	-2785.778	230.3165	2.222694	2.364326
150	-2634.81	-2866.313	231.5031	2.474787	1.373351
156	-2613.183	-2844.887	231.7046	2.590972	1.106464
162	-2624.226	-2856.584	232.358	2.174479	0.8647477
168	-2461.96	-2693.396	231.4363	2.174479	1.648066
174	-2438.503	-2669.043	230.5403	3.550625	1.28265
180	-2514.909	-2743.841	228.9321	3.167748	2.638918
186	-2483.685	-2716.008	232.3231	2.278291	0.7765189
192	-2350.057	-2580.411	230.3539	2.934157	1.873524
198	-2381.154	-2611.642	230.4882	3.716157	1.187348
204	-2461.518	-2692.55	231.0322	3.137094	1.21739
210	-2553.73	-2784.762	231.0322	3.137094	1.21739
216	-2559.11	-2790.928	231.8185	2.541501	1.046294
222	-2563.288	-2793.755	230.4666	3.285098	1.545482
228	-2579.63	-2809.907	230.2773	2.239786	2.378321
234	-2521.862	-2753.396	231.5338	2.82652	1.045968
240	-2516.108	-2745.457	229.3481	3.105551	2.418371
246	-2484.09	-2714.019	229.9288	2.618622	2.359112
252	-2458.036	-2688.548	230.5118	3.311437	1.492135
258	-2429.627	-2660.962	231.3345	2.540202	1.453202
264	-2508.08	-2738.341	230.2606	1.566597	2.805921
270	-2438.326	-2665.6	227.2746	1.65141	4.491787
276	-2467.007	-2698.477	231.4708	2.348704	1.494959
282	-2489.842	-2720.683	230.8412	2.348704	1.940073
288	-2583.384	-2813.778	230.3933	3.566073	1.387829
294	-2594.021	-2824.864	230.8425	3.822748	0.6730653
300	-2559.299	-2788.985	229.6859	3.822748	1.720717
306	-2478.878	-2710.017	231.1388	3.22577	1.04188
312	-2518.237	-2749.445	231.2079	2.714782	1.41633
318	-2562.057	-2790.476	228.4188	1.725147	3.799077
324	-2552.94	-2779.555	226.6147	3.648391	3.730342
330	-2559.863	-2790.062	230.1983	4.391604	0.7922625
336	-2563.418	-2794.938	231.5208	2.901394	0.9849861
342	-2605.866	-2837.132	231.2657	2.71989	1.367294
348	-2593.274	-2824.404	231.13	2.479049	1.649285
354	-2542.958	-2774.241	231.2831	3.104678	1.019402
360	-2553.442	-2785.162	231.7199	2.142739	1.462365
366	-2613.787	-2845.846	232.0595	2.295192	1.051397
372	-2558.03	-2787.614	229.5831	2.097944	2.894582
378	-2597.374	-2827.08	229.7057	4.571374	1.123186
384	-2569.595	-2800.018	230.4234	2.880762	1.862535
390	-2542.682	-2774.515	231.8329	2.880762	0.483616
396	-2611.413	-2842.152	230.7384	2.880762	1.642021
402	-2620.271	-2851.358	231.0877	1.527082	2.316227
408	-2561.047	-2792.138	231.0906	2.67196	1.537437
414	-2523.709	-2755.385	231.676	2.406371	1.289639
420	-2531.586	-2764.098	232.5122	2.13749	0.7016819
426	-2546.187	-2776.122	229.9354	2.786884	2.247404
432	-2500.04	-2731.255	231.2153	2.293646	1.720489
438	-2505.041	-2737.07	232.0292	2.293646	1.081337
444	-2521.242	-2750.722	229.48	2.683269	2.599741
450	-2435.77	-2667.825	232.0548	2.627582	0.6369698
456	-2464.461	-2696.064	231.6039	2.627582	1.163694
462	-2468.736	-2697.632	228.8959	3.001952	2.762848
468	-2456.382	-2688.058	231.6761	1.722749	1.797406
474	-2489.528	-2720.506	230.9784	2.841911	1.494355
480	-2496.881	-2728.574	231.6922	2.938862	0.7323892
486	-2575.446	-2807.537	232.0907	1.761681	1.47019
492	-2492.926	-2724.309	231.3825	1.558916	2.105153
498	-2569.779	-2799.841	230.0625	4.55225	0.7572138
504	-2601.429	-2831.492	230.0625	4.55225	0.7572138
510	-2595.476	-2826.417	230.9414	3.673358	0.7572138
516	-2591.978	-2821.901	229.9229	4.785671	0.5549692
522	-2593.401	-2822.645	229.2436	3.140227	2.462322
528	-2628.795	-2858.463	229.6673	2.41121	2.652102
534	-2619.461	-2849.831	230.3702	4.074876	0.9614588
540	-2643.898	-2870.593	226.6951	5.09107	2.830879
546	-2545.451	-2773.776	228.325	3.461165	2.830879
552	-2405.281	-2636.348	231.0667	1.83008	2.13435
558	-2372.601	-2604.618	232.0171	1.83008	1.474064
564	-2412.567	-2644.786	232.2195	2.020957	1.155815
570	-2416.626	-2648.63	232.004	1.832337	1.482248
576	-2489.858	-2721.645	231.787	2.098429	1.444966
582	-2526.998	-2757.353	230.3552	1.93256	2.522374
588	-2526.771	-2758.226	231.4551	2.477961	1.408366
594	-2539.765	-2768.356	228.5908	3.859606	2.420459
600	-2573.177	-2803.774	230.5969	4.108681	0.5684283
606	-2551.709	-2781.922	230.2124	4.495402	0.4457143
612	-2568.439	-2798.349	229.9097	4.297362	1.185024
618	-2574.055	-2803.713	229.658	3.568809	1.915125
624	-2684.605	-2916.518	231.9132	2.565165	0.9260326
630	-2627.596	-2856.863	229.2671	4.20533	1.746155
636	-2594.203	-2826.12	231.9172	2.141484	1.308927
642	-2542.632	-2773.082	230.45	4.105591	0.8367619
648	-2579.494	-2811.069	231.5755	2.36482	1.402685
654	-2620.413	-2852.06	231.6467	3.063053	0.5483119
660	-2640.763	-2872.238	231.4748	3.063053	0.8583384
666	-2521.743	-2753.895	232.1515	2.562669	0.4948614
672	-2485.833	-2717.94	232.1066	2.562669	0.3647383
678	-2461.906	-2691.337	229.4305	5.233931	0.3583959
684	-2543.124	-2773.019	229.8946	3.310368	1.929899
690	-2587.614	-2818.322	230.7073	3.205134	1.424292
696	-2588.336	-2819.672	231.3357	3.111194	0.9595573
702	-2656.445	-2887.58	231.1348	3.390869	0.2523252
708	-2626.962	-2858.422	231.4597	3.023239	0.9210701
714	-2532.787	-2763.9	231.1131	3.575798	0.6211174
720	-2503.611	-2734.354	230.7429	3.968227	0.540311
726	-2481.239	-2712.96	231.7209	2.930335	0.342972
732	-2458.791	-2688.033	229.2418	3.262788	2.386233
738	-2547.927	-2778.197	230.2698	2.949627	1.920116
744	-2653.46	-2885.494	232.0339	2.049195	1.289097
750	-2553.87	-2785.464	231.5944	1.662308	1.894918
756	-2600.601	-2831.137	230.5359	2.570076	1.996326
762	-2750.792	-2981.962	231.17	1.899893	2.02032
768	-2597.124	-2823.902	226.7777	6.292208	2.02032
774	-2614.513	-2843.55	229.0368	2.829112	2.782354
780	-2616.348	-2847.806	231.4575	1.855071	1.856794
786	-2580.388	-2809.148	228.7604	4.066628	2.179776
792	-2529.126	-2759.657	230.531	1.948466	2.402102
798	-2532.354	-2763.516	231.1619	2.748483	1.425847
804	-2521.953	-2746.836	224.8829	2.239983	5.494057
810	-2557.408	-2784.722	227.3144	2.783459	3.825587
816	-2511.952	-2742.554	230.6018	2.783459	1.806806
822	-2534.151	-2764.564	230.4134	2.259052	2.27941
828	-2580.885	-2811.852	230.967	1.484546	2.419707
834	-2468.464	-2700.413	231.9482	2.311591	1.138699
840	-2513.078	-2744.072	230.9947	2.311591	1.861087
846	-2480.536	-2710.2	229.6638	1.838938	3.001916
852	-2533.811	-2764.525	230.7143	3.188768	1.431485
858	-2664.388	-2895.224	230.8368	3.543484	1.026716
864	-2584.164	-2813.394	229.2296	5.42243	0.3437574
870	-2594.08	-2822.685	228.6043	5.744528	0.1846847
876	-2618.275	-2849.595	231.3199	2.707855	1.333804
882	-2567	-2798.537	231.5373	2.991497	0.8691712
888	-2561.503	-2792.099	230.5963	3.400417	1.358451
894	-2593.338	-2824.7	231.3621	3.185231	0.8469062
900	-2601.788	-2833.579	231.7914	2.074355	1.460004
906	-2701.33	-2933.205	231.8749	2.395465	1.129294
912	-2591.09	-2822.028	230.9387	3.425053	1.042724
918	-2670.122	-2901.265	231.1427	2.978737	1.257544
924	-2627.415	-2855.162	227.7473	3.297103	3.274526
930	-2544.311	-2771.961	227.6507	4.134138	2.831668
936	-2486.072	-2716.763	230.6917	2.396139	2.008445
942	-2514.713	-2746.541	231.8278	1.90035	1.562822
948	-2494.222	-2724.837	230.6152	3.695727	1.092332
954	-2473.133	-2700.959	227.8255	2.705716	3.575029
960	-2447.277	-2678.049	230.7724	1.824396	2.327705
966	-2456.864	-2686.516	229.6522	1.972994	2.928258
972	-2445.81	-2675.324	229.5138	1.7727	3.131126
978	-2472.024	-2699.933	227.9093	1.539637	4.196284
984	-2495.483	-2726.759	231.2757	2.480372	1.542218
990	-2480.805	-2711.626	230.8213	2.934802	1.542218
996	-2510.078	-2741.591	231.5127	2.774971	1.113618
