Iteration	Posterior	Likelihood	Prior	rate_log_sd	tree_length
0	-2699.028	-2930.218	231.19	3.520638	0.4591486
6	-4189.6	-4423.939	234.3388	0.296489	0.725781
12	-2732.425	-2963.08	230.6543	1.925692	2.338376
18	-2849.6	-3081.351	231.7511	1.682333	1.773374
24	-2739.881	-2970.063	230.1823	2.91699	2.000754
30	-2945.049	-3177.311	232.262	1.918461	1.207824
36	-3022.263	-3255.02	232.7572	1.423299	1.207824
42	-3798.51	-4032.261	233.7505	0.8344153	0.7989895
48	-2784.657	-3016.488	231.8313	2.753617	0.7989895
54	-3562.939	-3796.167	233.228	0.6206808	1.472926
60	-4370.694	-4605.031	234.337	0.2476851	0.7993114
66	-2811.008	-3043.479	232.4703	1.384283	1.468476
72	-2724.334	-2954.795	230.4606	1.39513	2.788539
78	-2793.909	-3025.937	232.0276	1.806459	1.483987
84	-2865.459	-3097.486	232.027	1.806459	1.484456
90	-2687.118	-2919.145	232.027	1.806459	1.484456
96	-3451.717	-3684.54	232.823	0.5525234	1.813532
102	-3676.114	-3909.818	233.7037	0.5525234	1.141847
108	-2641.33	-2872.032	230.7016	3.093598	1.513125
114	-3169.878	-3402.903	233.0249	0.7703632	1.513125
120	-3451.244	-3684.693	233.4482	0.3470217	1.513125
126	-2946.592	-3178.947	232.3547	1.181194	1.701489
132	-3454.87	-3688.479	233.6085	1.098674	0.5613968
138	-2893.858	-3126.165	232.3065	2.406356	0.5259596
144	-3154.284	-3387.219	232.935	1.777806	0.5264949
150	-3767.21	-4000.782	233.5721	0.251158	1.492156
156	-2716.836	-2948.945	232.1089	2.592699	0.4249054
162	-3794.772	-4028.495	233.7233	0.9688687	0.4023857
168	-3319.796	-3553.306	233.5101	0.9688687	0.9254029
174	-2726.113	-2958.464	232.3512	2.147711	0.9033661
180	-3144.086	-3377.148	233.0613	1.00414	1.30346
186	-2651.007	-2881.826	230.8188	3.775389	0.7865183
192	-2645.262	-2876.734	231.4715	3.131989	0.7734944
198	-3848.673	-4082.468	233.7955	0.05634849	1.470571
204	-3766.21	-4000.026	233.816	0.8406135	0.6893813
210	-3053.586	-3286.529	232.9426	1.502653	0.9612819
216	-3226.031	-3459.145	233.1142	1.502653	0.7541422
222	-3291.324	-3524.438	233.1142	1.502653	0.7541422
228	-3019.706	-3252.224	232.5183	1.976557	0.9079491
234	-3040.132	-3271.768	231.6362	0.7823651	2.440482
240	-2776.512	-3008.435	231.9238	2.58668	0.8902954
246	-2729.645	-2961.569	231.9238	2.58668	0.8902954
252	-3089.644	-3321.48	231.8359	2.490836	0.1783861
258	-4018.388	-4252.247	233.8599	0.846422	0.4397653
264	-2666.404	-2897.25	230.8464	3.239958	1.286391
270	-2668.731	-2900.501	231.77	2.555462	1.078903
276	-4099.175	-4333.409	234.2339	0.2899065	0.875002
282	-3991.258	-4225.323	234.0651	0.1406683	1.186088
288	-2777.453	-3009.727	232.2741	2.195052	0.9360097
294	-3123.817	-3356.28	232.4627	0.9041416	1.819549
300	-3253.595	-3485.145	231.5504	0.2040856	2.850119
306	-2666.386	-2898.888	232.5022	2.121418	0.7440313
312	-2504.33	-2731.829	227.4985	1.709998	4.332455
318	-2989.665	-3222.913	233.2474	1.130702	1.02885
324	-2980.626	-3213.694	233.0678	1.310277	1.02885
330	-3972.978	-4207.268	234.2903	0.1075636	1.009387
336	-3702.759	-3936.114	233.3555	1.304418	0.3528998
342	-2673.734	-2903.756	230.0222	1.893464	2.75201
348	-4114.208	-4348.277	234.0688	0.6444734	0.4785724
354	-3950.821	-4185.125	234.3043	0.05127822	1.050471
360	-3272.886	-3503.75	230.8643	0.07509296	3.336383
366	-3815.523	-4049.128	233.6053	1.077204	0.3845066
372	-2576.813	-2808.733	231.9196	1.935393	1.468163
378	-2630.37	-2857.879	227.5088	4.685517	2.580499
384	-4076.647	-4310.818	234.1714	0.2583089	0.9773816
390	-3129.228	-3362.248	233.0202	1.501228	0.8777981
396	-3573.447	-3807.16	233.7129	0.8085259	0.8777981
402	-4124.296	-4357.838	233.5423	1.076081	0.3118654
408	-2907.693	-3140.375	232.6817	1.687674	1.037303
414	-3562.286	-3795.117	232.8309	0.2806104	1.992603
420	-3990.924	-4224.879	233.9555	0.5715088	0.8712146
426	-3017.245	-3249.648	232.4029	1.290044	1.588621
432	-3311.058	-3542.674	231.6163	0.4512445	2.658809
438	-2693.13	-2922.929	229.799	2.846383	2.29671
444	-4433.403	-4667.375	233.9722	0.7384644	0.4592517
450	-3660.62	-3894.322	233.7011	0.9541716	0.6918243
456	-3627.204	-3860.291	233.0864	0.1270596	1.924183
462	-3321.461	-3554.683	233.2219	1.134237	1.049961
468	-3289.787	-3523.229	233.4416	1.134237	0.8109481
474	-2917.25	-3149.773	232.5233	2.052599	0.8109481
480	-2983.992	-3215.819	231.827	2.722025	0.2648348
486	-2691.269	-2922.802	231.5326	2.315946	1.473023
492	-3090.377	-3323.301	232.9234	1.789449	0.4747152
498	-3077.053	-3309.235	232.1824	0.7361756	2.120085
504	-2599.809	-2830.38	230.571	4.134801	0.5675887
510	-3695.922	-3929.739	233.8174	0.2367052	1.312624
516	-3180.847	-3413.337	232.49	0.8213259	1.857625
522	-3937.053	-4171.279	234.2253	0.395549	0.7481225
528	-4058.538	-4291.532	232.9942	1.382652	0.1931791
534	-4430.789	-4663.556	232.7675	1.382652	0.1378693
540	-2736.742	-2968.262	231.52	2.831272	1.054618
546	-3491.415	-3724.685	233.2694	1.411298	0.6406649
552	-3149.815	-3383.084	233.2694	1.411298	0.6406649
558	-3679.422	-3913.067	233.6451	0.05404713	1.584057
564	-3770.631	-4003.59	232.9593	0.01406016	2.084151
570	-3823.973	-4057.019	233.0457	0.04253687	2.008138
576	-4338.491	-4573.082	234.5913	0.09424474	0.6292905
582	-4653.542	-4888.204	234.662	0.04556809	0.4446
588	-3255.03	-3488.02	232.9905	1.715563	0.5662943
594	-2608.055	-2839.482	231.4272	2.746254	1.213791
600	-3779.672	-4013.529	233.857	0.4556211	1.090815
606	-4267.423	-4501.604	234.1809	0.1317357	1.090815
612	-4665.524	-4899.468	233.9444	0.6880144	0.3240845
618	-3800.82	-4034.693	233.8733	0.6522184	0.8729899
624	-2661.782	-2893.376	231.5941	2.991666	0.79785
630	-2694.722	-2926.889	232.1667	2.45678	0.7441718
636	-2616.041	-2845.312	229.2705	5.439315	0.4549366
642	-2749.016	-2981.336	232.3199	1.898954	1.174743
648	-2735.532	-2968.308	232.7755	1.898954	0.654358
654	-3293.856	-3527.095	233.2386	1.474032	0.473019
660	-4141.278	-4375.579	234.3006	0.3590969	0.6836366
666	-2777.024	-3007.679	230.6554	1.84237	2.390553
672	-3495.553	-3727.649	232.0961	2.199745	0.1701165
678	-5313.907	-5547.801	233.8939	0.4019339	0.1701165
684	-2682.696	-2913.356	230.6596	3.972078	0.7315372
690	-3782.807	-4016.54	233.7321	0.6529975	1.021963
696	-4114.33	-4348.126	233.7955	0.9077522	0.429708
702	-3176.069	-3408.806	232.7361	0.9077522	1.624231
708	-3849.67	-4082.672	233.002	0.217927	1.919811
714	-2781.052	-3013.365	232.3125	2.046792	1.046944
720	-2615.67	-2847.361	231.691	2.046792	1.555716
726	-2733.562	-2966.025	232.4632	2.236246	0.5908212
732	-2540.584	-2773.248	232.6639	1.483659	1.235681
738	-3287.81	-3520.26	232.4507	0.4856532	2.108494
744	-3552.599	-3786.202	233.603	0.7025883	1.097269
750	-2932.3	-3165.067	232.7675	1.512101	1.120959
756	-3122.405	-3353.723	231.3181	0.5907413	2.756161
762	-3246.809	-3480.192	233.3833	1.034303	0.9896721
768	-2746.735	-2978.189	231.4535	1.66146	1.990342
774	-3818.69	-4052.37	233.68	1.025006	0.5709402
780	-3187.452	-3420.396	232.944	1.312984	1.141219
786	-3112.939	-3345.901	232.9627	1.462837	0.981588
792	-2764.096	-2993.223	229.1268	5.298754	0.981588
798	-3137.275	-3369.578	232.3027	1.0774	1.810377
804	-3498.388	-3731.652	233.2648	1.0774	1.063242
810	-3401.098	-3634.439	233.3417	1.1411	0.9212643
816	-2737.335	-2967.053	229.7185	4.90614	0.7423453
822	-2719.721	-2948.176	228.4544	5.127623	1.668661
828	-2819.934	-3051.165	231.2308	2.711289	1.401325
834	-4021.389	-4254.613	233.2245	1.350148	0.2801841
840	-2859.781	-3090.436	230.6559	2.499759	1.963118
846	-3566.784	-3800.306	233.5221	1.084655	0.768854
852	-4552.285	-4784.678	232.3928	1.514185	0.1002853
858	-3251.944	-3485.126	233.1816	1.514185	0.6021909
864	-2889.242	-3121.983	232.7409	1.853322	0.7864406
870	-3872.373	-4105.911	233.5375	1.150302	0.3938587
876	-3838.491	-4072.45	233.9591	0.7272512	0.6272963
882	-4116.612	-4350.581	233.9693	0.7272512	0.4118088
888	-4291.471	-4525.558	234.0873	0.6025155	0.3976528
894	-3015.594	-3248.188	232.5938	1.45361	1.318057
900	-3559.109	-3791.847	232.7383	1.853601	0.2917111
906	-3104.142	-3336.884	232.7427	1.964264	0.5626818
912	-5871.525	-6105.457	233.9315	0.04404824	0.1093657
918	-4424.909	-4659.509	234.6004	0.09354719	0.6074572
924	-3072.722	-3303.418	230.6955	0.444855	3.217853
930	-3008.925	-3242.058	233.1327	1.428308	0.8299677
936	-2882.105	-3114.487	232.382	1.291628	1.602663
942	-3154.076	-3387.433	233.3572	1.171583	0.8691133
948	-2807.021	-3032.806	225.785	0.3173869	6.0527
954	-2647.706	-2878.872	231.1662	3.547683	0.4872936
960	-3825.986	-4059.856	233.8707	0.8036078	0.3718397
966	-2579.739	-2811.075	231.3366	1.940426	1.881079
972	-3568.611	-3802.496	233.8851	0.5779078	0.9426386
978	-3237.391	-3470.69	233.2993	1.163631	0.9426386
984	-3516.783	-3750.29	233.5065	1.078593	0.7987912
990	-3904.192	-4138.075	233.8835	0.5747688	0.9476822
996	-3521.117	-3754.101	232.9834	0.5747688	1.685643
