Iteration	Posterior	Likelihood	Prior	rate_log_sd	tree_length
0	-2124.753	-2357.039	232.2858	2.172692	0.9473493
6	-2113.14	-2343.919	230.7798	2.011383	2.202963
12	-2030.2	-2260.673	230.4731	1.386676	2.786075
18	-2172.566	-2404.574	232.0081	1.535578	1.695926
24	-2113.152	-2344.973	231.8211	2.202486	1.337168
30	-2133.358	-2365.365	232.007	2.567276	0.8130537
36	-2062.516	-2294.395	231.8798	1.901283	1.523672
42	-2113.12	-2341.065	227.945	1.901283	3.969878
48	-2063.879	-2294.391	230.5121	1.667438	2.589634
54	-2098.465	-2328.594	230.128	1.87061	2.701179
60	-2075.437	-2304.673	229.2356	1.381819	3.524846
66	-2055.932	-2283.171	227.2387	1.341478	4.685829
72	-2048.275	-2278.602	230.3265	1.517963	2.795416
78	-1954.943	-2184.614	229.6703	2.174193	2.795416
84	-1928.4	-2159.025	230.6247	1.645641	2.533219
90	-1954.265	-2184.161	229.8956	2.035644	2.742494
96	-1975.695	-2206.311	230.6162	1.476646	2.643241
102	-1886.481	-2114.348	227.8672	1.116892	4.459097
108	-1871.933	-2102.122	230.1897	1.428547	2.932465
114	-1828.344	-2058.69	230.346	1.049451	3.066174
120	-1848.154	-2077.014	228.8598	2.283039	3.216384
126	-1880.32	-2111.02	230.7	1.471457	2.594656
132	-1848.439	-2080.277	231.8382	1.859445	1.585182
138	-1849.66	-2082.105	232.4453	2.263108	0.5558608
144	-1921.382	-2153.289	231.9069	2.634755	0.2607888
150	-1903.929	-2136.115	232.1854	2.482215	0.3625073
156	-1969.497	-2201.478	231.9811	2.66601	0.7061615
162	-1910.882	-2142.336	231.4541	2.589055	1.321472
168	-1883.431	-2115.391	231.9597	2.445082	1.002525
174	-1829.824	-2062.068	232.2433	2.149969	1.01392
180	-1917.902	-2150.042	232.1408	2.492631	0.3250821
186	-1870.885	-2102.228	231.3433	2.935546	0.1658291
192	-1886.728	-2117.633	230.9049	3.103851	0.1141409
198	-1981.129	-2213.261	232.1315	2.453659	0.2870575
204	-1927.493	-2159.519	232.0258	2.593668	0.7502912
210	-1974.21	-2205.855	231.6452	2.296042	1.401995
216	-1932.03	-2156.53	224.5001	2.303954	5.669177
222	-1960.936	-2191.325	230.3895	1.476492	2.782315
228	-1948.645	-2179.487	230.8414	1.963469	2.194143
234	-1959.13	-2185.636	226.5051	1.281614	5.127606
240	-1969.141	-2200.987	231.846	1.299872	1.969684
246	-1965.107	-2196.418	231.3109	2.779124	1.283419
252	-1977.379	-2208.671	231.2923	1.97315	1.888961
258	-2104.056	-2334.075	230.0194	3.091578	1.99298
264	-2041.691	-2270.591	228.8998	1.510216	3.645367
270	-2060.585	-2292.244	231.6591	1.037443	2.263914
276	-1985.26	-2217.308	232.0484	1.530118	1.671129
282	-2077.687	-2309.443	231.7559	1.517108	1.883801
288	-2064.088	-2294.929	230.8416	2.107321	2.100241
294	-2021.403	-2252.147	230.7437	1.935326	2.275153
300	-2067.675	-2299.513	231.8382	2.331627	1.216893
306	-2054.816	-2286.546	231.7299	2.912802	0.3339705
312	-2062.019	-2294.16	232.1407	2.178687	1.084561
318	-2088.262	-2319.364	231.1022	2.812767	1.42229
324	-2077.057	-2308.717	231.6601	2.659783	1.084127
330	-2011.635	-2243.784	232.1488	2.436908	0.7979076
336	-2047.336	-2279.96	232.6236	2.086658	0.5455897
342	-1986.009	-2218.43	232.4213	2.023243	0.9620211
348	-1987.105	-2219.383	232.278	2.412826	0.3996786
354	-1953.085	-2183.967	230.8817	2.508768	1.803199
360	-1982.21	-2214.439	232.2287	1.848262	1.29409
366	-2001.529	-2234.066	232.5373	1.539608	1.29409
372	-1938.302	-2169.542	231.2399	1.356344	2.328032
378	-1874.446	-2105.257	230.8106	1.223133	2.679664
384	-1874.474	-2105.7	231.2259	1.256872	2.400001
390	-1866.965	-2098.106	231.141	1.272211	2.443837
396	-1890.433	-2120.442	230.0092	1.513241	2.990093
402	-1986.646	-2219.125	232.4789	2.079315	0.8335305
408	-1917.011	-2148.24	231.2292	1.495427	2.24591
414	-1928.967	-2160.476	231.5083	2.019005	1.707543
420	-1887.44	-2119.314	231.8738	1.653487	1.707543
426	-1897.791	-2127.262	229.4709	1.423935	3.362572
432	-1840.148	-2071.489	231.3407	1.485469	2.180287
438	-1831.834	-2063.986	232.1515	2.206386	1.04827
444	-1870.442	-2102.193	231.7509	2.206386	1.38945
450	-1860.064	-2092.298	232.2347	2.109315	1.061457
456	-1845.133	-2076.624	231.4903	1.392779	2.1433
462	-1888.619	-2120.206	231.5873	1.693011	1.878832
468	-1972.959	-2205.448	232.4887	1.849425	1.067049
474	-1944.531	-2175.842	231.3107	1.649549	2.092774
480	-1950.433	-2180.511	230.0785	1.253923	3.103779
486	-2000.675	-2229.941	229.2659	0.9608545	3.751338
492	-1917.918	-2146.422	228.5036	1.723112	3.751338
498	-1856.554	-2085.239	228.6852	1.541543	3.751338
504	-1858.862	-2090.734	231.8722	2.302309	1.212958
510	-1854.839	-2086.38	231.5412	1.628731	1.953496
516	-1806.685	-2036.409	229.7241	1.392315	3.231996
522	-1836.861	-2069.129	232.2681	1.88592	1.230242
528	-1874.66	-2105.724	231.0645	2.214963	1.879425
534	-1798.973	-2030.254	231.2812	1.509576	2.20324
540	-1836.017	-2067.55	231.5325	1.106959	2.300511
546	-1843.316	-2073.133	229.8169	1.386543	3.180441
552	-1774.973	-2006.506	231.5332	1.457265	2.072909
558	-1806.862	-2038.883	232.0212	1.452664	1.745171
564	-1894.965	-2126.846	231.8813	1.71099	1.661352
570	-1961.46	-2193.912	232.4519	1.719118	1.215863
576	-1892.613	-2118.728	226.1151	1.215771	5.379499
582	-1976.91	-2207.65	230.7395	0.971656	2.876351
588	-1968.718	-2199.227	230.5085	1.100203	2.938204
594	-1990.176	-2218.775	228.5992	0.9758348	4.124633
600	-1952.679	-2178.641	225.9613	0.7188539	5.737067
606	-1970.091	-2199.732	229.6413	1.943985	2.95234
612	-1944.117	-2172.718	228.6018	1.847791	3.622417
618	-1982.065	-2214.277	232.2126	1.324072	1.700916
624	-1959.348	-2190.428	231.0807	1.322108	2.45038
630	-1992.039	-2223.401	231.362	1.833482	1.936344
636	-1964.073	-2195.466	231.3922	3.308782	0.5855345
642	-1862.815	-2095.044	232.2293	2.474553	0.5754393
648	-1836.158	-2066.525	230.3674	1.604729	2.717417
654	-1912.349	-2143.025	230.6758	1.316575	2.705056
660	-1895.288	-2126.821	231.5331	1.382409	2.122127
666	-1997.086	-2227.607	230.5207	2.432819	2.097201
672	-1948.876	-2179.85	230.9744	1.853935	2.178907
678	-1982.368	-2214.21	231.8415	2.331838	1.213887
684	-1943.412	-2174.6	231.1879	1.538376	2.244862
690	-1992.458	-2224.425	231.9678	1.555025	1.710688
696	-1925.605	-2158.363	232.758	1.613332	1.035366
702	-1907.679	-2139.847	232.168	2.537299	0.4363484
708	-1990.138	-2221.186	231.0481	3.566173	0.7579458
714	-1948.473	-2179.59	231.1171	3.387839	0.2422015
720	-1948.471	-2180.122	231.6512	3.019	0.6633678
726	-1928.209	-2160.488	232.2789	2.435198	0.4952232
732	-1883.149	-2114.973	231.824	1.748283	1.67564
738	-1941.187	-2173.649	232.4623	1.737142	1.191613
744	-1914.297	-2145.085	230.7881	2.018801	2.192822
750	-1960.473	-2193.042	232.5694	1.743228	1.09079
756	-1984.847	-2216.253	231.4059	2.347873	1.543946
762	-2002.681	-2234.387	231.7051	1.68989	1.800049
768	-1957.732	-2189.821	232.0897	1.30535	1.800049
774	-1918.456	-2150.555	232.0984	1.772737	1.455876
780	-1917.491	-2149.038	231.5474	2.184514	1.560057
786	-1870.025	-2101.923	231.8983	2.749771	0.704462
792	-1811.193	-2044.044	232.8513	1.796743	0.704462
798	-1834.537	-2065.735	231.1973	1.530618	2.243768
804	-1857.159	-2089.68	232.5215	2.136373	0.687009
810	-1910.053	-2142.524	232.4714	2.110177	0.8033991
816	-1747.719	-1977.901	230.1817	1.400446	2.954213
822	-1810.076	-2042.132	232.0562	1.400446	1.757178
828	-1767.555	-1999.431	231.876	1.307757	1.944204
834	-1752.938	-1982.313	229.3749	0.7879406	3.788161
840	-1788.677	-2019.039	230.3616	0.6987859	3.265131
846	-1715.261	-1947.833	232.572	1.004432	1.672659
852	-1659.584	-1892.089	232.5046	1.63192	1.244965
858	-1634.066	-1866.266	232.1991	2.35827	0.2696478
864	-1652.073	-1884.452	232.3787	1.686971	1.303241
870	-1713.826	-1945.87	232.0442	2.223947	1.131273
876	-1666.514	-1898.838	232.3242	2.008834	1.07181
882	-1695.228	-1927.575	232.347	1.501519	1.473113
888	-1718.377	-1949.63	231.2538	1.822737	2.01593
894	-1665.167	-1895.456	230.2891	1.363149	2.911951
900	-1688.181	-1920.018	231.8369	1.579747	1.785038
906	-1679.342	-1912.355	233.0127	1.620844	0.7285265
912	-1687.805	-1916.97	229.1651	1.918984	3.251146
918	-1736.948	-1969.435	232.4865	1.503518	1.363774
924	-1773.659	-2004.984	231.325	1.338936	2.284814
930	-1709.695	-1941.525	231.8296	1.835952	1.608526
936	-1823.442	-2056.063	232.6207	1.623436	1.152596
942	-1870.477	-2102.061	231.584	3.129881	0.4885486
948	-1873.814	-2105.089	231.275	2.870834	1.237127
954	-1864.111	-2096.466	232.3546	2.181488	0.8605427
960	-1862.435	-2092.946	230.5108	1.883482	2.455714
966	-1852.482	-2083.453	230.9709	1.339871	2.508026
972	-1817.398	-2049.307	231.9094	1.49801	1.791467
978	-1750.284	-1982.168	231.884	1.523394	1.791467
984	-1791.164	-2021.926	230.7615	1.896514	2.288598
990	-1829.655	-2062.095	232.4406	2.181072	0.7469514
996	-1830.288	-2062.788	232.5001	1.976438	0.9280779
