Iteration	Posterior	Likelihood	Prior	rate_log_sd	tree_length
0	-1204.055	-1436.948	232.893	1.197009	1.283438
6	-1228.954	-1461.707	232.7529	1.542381	1.106749
12	-1218.815	-1451.724	232.9084	1.542381	0.9555438
18	-1216.843	-1449.569	232.7253	1.28476	1.347892
24	-1237.731	-1468.073	230.3429	1.017863	3.086883
30	-1234.91	-1467.229	232.3192	1.65922	1.372881
36	-1214.865	-1447.19	232.3249	1.522626	1.47382
42	-1268.839	-1501.785	232.9463	1.590157	0.8600663
48	-1277.455	-1510.231	232.7755	1.718226	0.9091492
54	-1308.738	-1541.725	232.9871	1.718226	0.5694667
60	-1261.094	-1493.516	232.4222	2.283318	0.4370474
66	-1254.088	-1486.731	232.6428	2.061922	0.4344685
72	-1238.823	-1471.739	232.916	1.543341	0.946444
78	-1207.594	-1440.183	232.5889	1.447933	1.326554
84	-1183.345	-1416.324	232.9785	1.276221	1.143219
90	-1199.101	-1432.016	232.9147	1.22053	1.246049
96	-1185.395	-1417.779	232.3834	1.349756	1.55915
102	-1160.333	-1393.065	232.7314	1.603463	1.070096
108	-1192.88	-1425.747	232.867	1.603463	0.934647
114	-1215.859	-1448.803	232.9434	1.502289	0.9608233
120	-1217.745	-1450.335	232.5897	1.365441	1.391169
126	-1223.039	-1455.793	232.7538	1.286694	1.323568
132	-1238.346	-1471.369	233.023	1.593383	0.7548994
138	-1215.686	-1448.497	232.8111	1.606363	0.9898168
144	-1211.894	-1444.427	232.5323	1.390168	1.416511
150	-1211.84	-1444.23	232.39	1.065649	1.757901
156	-1190.043	-1421.502	231.459	1.142734	2.324564
162	-1194.955	-1426.903	231.9483	1.367694	1.85445
168	-1187.192	-1419.535	232.3433	0.958581	1.864127
174	-1226.523	-1458.564	232.0408	0.9624684	2.06449
180	-1221.25	-1453.279	232.029	0.9742248	2.06449
186	-1221.706	-1451.391	229.6841	0.9980479	3.487108
192	-1242.972	-1474.834	231.862	1.171531	2.044428
198	-1261.612	-1493.913	232.3011	1.250498	1.690341
204	-1245.9	-1478.588	232.6879	1.125384	1.499624
210	-1223.614	-1456.173	232.5598	1.253527	1.499624
216	-1197.335	-1429.823	232.4871	1.444659	1.409358
222	-1226.181	-1458.668	232.4871	1.444659	1.409358
228	-1194.492	-1426.897	232.4047	1.179321	1.667264
234	-1199.46	-1432.229	232.7693	1.330496	1.275417
240	-1202.554	-1435.365	232.8103	1.688403	0.9036599
246	-1195.649	-1428.657	233.0087	1.6743	0.6353472
252	-1211.222	-1444.202	232.9808	1.709196	0.6180751
258	-1170.779	-1403.811	233.0316	1.549809	0.8036478
264	-1190.864	-1423.749	232.8849	1.536337	0.9859976
270	-1189.64	-1422.147	232.507	1.555309	1.305985
276	-1218.72	-1450.451	231.7317	0.8535055	2.335085
282	-1214.445	-1446.445	232.0002	0.8143676	2.187841
288	-1228.16	-1460.367	232.2068	1.79579	1.35385
294	-1237.429	-1470.365	232.9359	1.548526	0.9195187
300	-1252.283	-1485.244	232.9603	1.469439	0.9772914
306	-1238.54	-1471.409	232.8687	1.525327	1.013223
312	-1265.694	-1497.862	232.1675	1.691259	1.465341
318	-1256.398	-1489.11	232.7115	1.36107	1.297689
324	-1254.686	-1486.043	231.3576	1.103286	2.413824
330	-1230.557	-1462.128	231.5712	1.234817	2.193355
336	-1219.8	-1451.386	231.5857	0.8269116	2.44419
342	-1219.368	-1451.498	232.13	0.6178738	2.230928
348	-1204.268	-1436.183	231.9152	0.566949	2.400381
354	-1198.73	-1429.133	230.4032	0.8599145	3.145039
360	-1186.982	-1419.189	232.2072	0.9362175	1.971284
366	-1182.599	-1415.156	232.5565	0.9646827	1.71184
372	-1192.071	-1424.475	232.4044	0.8626745	1.887848
378	-1210.597	-1441.613	231.016	0.615677	2.924355
384	-1227.945	-1460.546	232.6003	0.9665012	1.679535
390	-1201.125	-1433.124	231.9984	0.9582566	2.095138
396	-1234.48	-1467.058	232.5777	0.7448003	1.849991
402	-1245.252	-1477.226	231.9731	1.349467	1.849991
408	-1244.53	-1477.171	232.6416	1.218441	1.464313
414	-1245.184	-1478.103	232.9186	1.30985	1.166353
420	-1225.127	-1457.881	232.7537	1.272615	1.334934
426	-1269.394	-1502.037	232.6434	1.382971	1.334934
432	-1253.719	-1485.975	232.2559	1.555213	1.50129
438	-1238.248	-1470.598	232.3501	1.220893	1.676501
444	-1246.602	-1479.332	232.7295	0.8690951	1.656784
450	-1240.48	-1470.862	230.3826	0.7266479	3.236246
456	-1235.011	-1465.158	230.1467	0.9625656	3.236246
462	-1217.886	-1449.113	231.227	0.6162926	2.796142
468	-1228.925	-1459.924	230.9991	0.8442143	2.796142
474	-1248.408	-1479.406	230.9982	0.8451008	2.796142
480	-1233.456	-1463.343	229.8871	0.451595	3.686667
486	-1210.775	-1442.282	231.5072	1.066999	2.342081
492	-1209.761	-1441.109	231.3474	1.173843	2.375689
498	-1233.299	-1466.023	232.7245	0.8163616	1.697961
504	-1239.736	-1472.165	232.4282	1.112578	1.697961
510	-1224.201	-1455.999	231.7978	1.170726	2.087335
516	-1204.523	-1436.113	231.5906	1.170726	2.222284
522	-1196.431	-1428.293	231.8613	0.8999683	2.222284
528	-1183.76	-1416.548	232.7878	0.9321747	1.568825
534	-1192.706	-1425.71	233.0048	1.304424	1.093939
540	-1198.037	-1429.918	231.8804	1.136203	2.055636
546	-1206.976	-1439.592	232.616	1.4507	1.302428
552	-1229.956	-1462.634	232.6783	1.157485	1.482734
558	-1226.288	-1458.424	232.1357	1.023465	1.960722
564	-1223.79	-1456.074	232.2839	0.8753124	1.960722
570	-1211.025	-1443.557	232.5318	1.585366	1.261033
576	-1194.342	-1426.282	231.9399	1.255965	1.936077
582	-1203.632	-1436.106	232.4743	1.063932	1.699815
588	-1196.044	-1428.687	232.6433	1.17506	1.495816
594	-1214.895	-1447.485	232.5899	1.286178	1.452109
600	-1192.534	-1424.631	232.0972	0.7229675	2.1842
606	-1200.574	-1432.052	231.4785	0.7911008	2.533677
612	-1232.009	-1462.849	230.8407	1.033558	2.777262
618	-1222.71	-1454.881	232.1713	1.349294	1.712307
624	-1252.18	-1484.979	232.7995	1.313252	1.264683
630	-1230.961	-1463.978	233.0166	1.275664	1.109435
636	-1223.303	-1455.139	231.8354	1.478747	1.855731
642	-1246.059	-1478.896	232.8371	0.9705837	1.503848
648	-1272.8	-1505.87	233.0697	1.232849	1.100117
654	-1296.629	-1529.429	232.7997	1.431993	1.163535
660	-1285.367	-1518.206	232.8383	1.380295	1.174958
666	-1310.705	-1542.673	231.9687	0.7818356	2.229249
672	-1287.234	-1516.354	229.1201	0.7818356	3.93802
678	-1279.419	-1510.137	230.7178	0.9697767	2.890621
684	-1257.229	-1489.193	231.9642	0.9778112	2.104786
690	-1264.863	-1496.75	231.8867	1.055221	2.104786
696	-1243.843	-1475.605	231.7615	1.180482	2.104786
702	-1252.087	-1484.173	232.0858	0.969609	2.029954
708	-1248.994	-1481.894	232.8997	1.172252	1.298187
714	-1255.421	-1488.304	232.8833	1.744906	0.7369338
720	-1272.899	-1505.75	232.8506	1.744906	0.7847124
726	-1267.778	-1500.741	232.963	1.644141	0.7682443
732	-1253.764	-1486.667	232.9038	1.560828	0.940875
738	-1278.099	-1511.105	233.0058	1.360946	1.039783
744	-1287.067	-1519.064	231.997	1.09237	2.007384
750	-1314.004	-1546.375	232.3711	1.412737	1.521623
756	-1278.528	-1510.37	231.8417	1.241135	2.011745
762	-1286.673	-1519.316	232.6421	1.773906	0.9912885
768	-1297.84	-1530.103	232.2626	1.408656	1.604382
774	-1314.066	-1546.504	232.4375	1.695044	1.248275
780	-1294.435	-1526.642	232.2078	1.441951	1.620008
786	-1302.639	-1534.595	231.9566	1.319521	1.881677
792	-1290.826	-1523.76	232.9344	1.412762	1.05851
798	-1268.045	-1501.042	232.9964	1.350792	1.05851
804	-1265.278	-1497.768	232.4895	1.2854	1.528263
810	-1255.786	-1488.408	232.6219	1.075235	1.585526
816	-1246.641	-1477.03	230.3889	0.8085882	3.183974
822	-1217.696	-1449.585	231.8885	1.091532	2.079797
828	-1226.977	-1459.425	232.4474	1.105015	1.68977
834	-1209.8	-1442.287	232.4871	1.065306	1.68977
840	-1194.043	-1426.885	232.8425	0.9908112	1.484584
846	-1193.374	-1426.331	232.9572	1.345509	1.099904
852	-1202.305	-1434.658	232.3533	1.69274	1.31912
858	-1197.619	-1430.6	232.9811	1.47381	0.9511425
864	-1197.754	-1430.868	233.1144	1.340561	0.9511425
870	-1195.759	-1428.231	232.4711	1.316185	1.51906
876	-1178.901	-1412.126	233.2253	1.128514	1.052215
882	-1169.394	-1402.18	232.7853	1.205008	1.363545
888	-1204.938	-1437.362	232.4248	0.9186195	1.835642
894	-1169.575	-1401.699	232.1235	1.219951	1.835642
900	-1180.097	-1411.584	231.4869	0.9483272	2.430007
906	-1158.279	-1391.406	233.1265	1.370295	0.9058283
912	-1191.113	-1424.099	232.9857	1.507601	0.9096248
918	-1193.344	-1426.111	232.7669	1.726448	0.9096248
924	-1206.581	-1439.502	232.9212	1.726448	0.7051203
930	-1217.637	-1450.514	232.8778	1.727926	0.770318
936	-1221.53	-1454.814	233.284	1.309474	0.7874957
942	-1190.282	-1423.05	232.7688	1.045937	1.498512
948	-1230.726	-1463.511	232.785	1.251818	1.32653
954	-1226.979	-1458.758	231.7792	1.080468	2.158546
960	-1198.925	-1430.75	231.825	1.183837	2.06081
966	-1183.787	-1415.796	232.0084	1.000398	2.06081
972	-1191.362	-1424.046	232.6843	1.706789	1.016081
978	-1169.667	-1402.725	233.058	1.51152	0.8191945
984	-1204.531	-1437.433	232.902	1.781132	0.6351091
990	-1194.889	-1427.513	232.6246	2.081655	0.5654368
996	-1189.096	-1421.975	232.8795	1.831098	0.4587402
