Iteration	Posterior	Likelihood	Prior	rate_log_sd	tree_length
0	-1114.234	-1345.347	231.1136	0.7569674	2.779521
6	-1089.499	-1320.712	231.2126	0.7446901	2.726501
12	-1087.971	-1320.035	232.0642	0.9719866	2.042702
18	-1095.28	-1327.008	231.7278	0.9465593	2.278156
24	-1074.536	-1306.667	232.1303	1.088687	1.920469
30	-1082.042	-1314.558	232.5159	1.149908	1.608331
36	-1052.53	-1284.81	232.2803	1.240223	1.71235
42	-1075.897	-1308.84	232.9432	1.379382	1.081554
48	-1082.319	-1314.856	232.5371	1.379382	1.421192
54	-1082.491	-1315.514	233.0223	1.632084	0.6933922
60	-1088.733	-1321.693	232.9601	1.71101	0.6613705
66	-1080.333	-1313.127	232.7932	1.919805	0.475948
72	-1091.6	-1324.643	233.0434	1.612135	0.691218
78	-1095.743	-1328.79	233.0477	1.612135	0.683425
84	-1098.01	-1331.239	233.2285	1.398303	0.7391211
90	-1114.21	-1347.079	232.8687	1.758088	0.7391211
96	-1108.677	-1341.475	232.7972	1.601593	1.008448
102	-1116.348	-1348.772	232.4235	1.374406	1.511126
108	-1105.887	-1338.488	232.6009	1.197007	1.511126
114	-1109.377	-1341.035	231.6575	0.7689651	2.435523
120	-1110.251	-1342.826	232.575	1.144369	1.56929
126	-1115.843	-1348.192	232.3483	1.07967	1.777226
132	-1113.13	-1345.906	232.7755	1.097919	1.454152
138	-1119.964	-1352.365	232.4011	1.097919	1.7275
144	-1126.718	-1359.304	232.5853	0.9621047	1.693317
150	-1138.725	-1370.7	231.975	0.9577144	2.110848
156	-1130.543	-1362.321	231.7784	1.032423	2.19026
162	-1138.736	-1370.21	231.4748	0.9857961	2.414018
168	-1139.41	-1371.081	231.6713	0.9870229	2.28843
174	-1140.696	-1371.808	231.1119	0.7652293	2.775529
180	-1109.289	-1341.159	231.8695	0.7165923	2.334513
186	-1129.862	-1361.357	231.4952	0.5305632	2.684527
192	-1122.741	-1354.247	231.506	0.5197511	2.684527
198	-1132.279	-1363.785	231.506	0.5197511	2.684527
204	-1114.195	-1346.162	231.9671	0.8808477	2.166183
210	-1096.094	-1328.061	231.9671	0.8808477	2.166183
216	-1105.571	-1338.245	232.6744	1.214368	1.442419
222	-1112.829	-1345.637	232.8082	1.558379	1.039939
228	-1120.621	-1353.638	233.0176	1.349004	1.039939
234	-1140.215	-1373.163	232.9482	1.478255	0.980717
240	-1155.321	-1388.298	232.9776	1.654384	0.7309779
246	-1133.64	-1366.6	232.9603	1.604523	0.8252184
252	-1123.113	-1356.198	233.0849	1.492781	0.8085603
258	-1110.876	-1343.912	233.0356	1.3421	1.029216
264	-1131.175	-1364.102	232.9267	1.280817	1.184601
270	-1139.488	-1372.582	233.0941	1.461632	0.8366219
276	-1106.724	-1339.682	232.9579	1.342704	1.101896
282	-1110.905	-1343.913	233.0087	1.216117	1.169599
288	-1112.654	-1345.652	232.9983	1.381843	1.026845
294	-1119.232	-1352.217	232.985	1.200966	1.203114
300	-1121.984	-1354.821	232.8369	1.200966	1.325664
306	-1133.688	-1366.434	232.7451	1.511894	1.141165
312	-1125.755	-1358.501	232.7451	1.511894	1.141165
318	-1117.706	-1350.403	232.6966	1.610782	1.095648
324	-1120.814	-1353.012	232.198	0.8830763	2.012942
330	-1120.59	-1351.239	230.6485	0.800117	3.03433
336	-1110.934	-1343.244	232.3102	1.040013	1.830989
342	-1110.747	-1342.733	231.9862	1.016837	2.064583
348	-1115.436	-1347.895	232.4587	1.084786	1.696073
354	-1099.199	-1331.812	232.6131	1.074322	1.592627
360	-1113.858	-1346.569	232.7112	1.347189	1.309182
366	-1108.221	-1340.778	232.5565	1.390362	1.397642
372	-1088.935	-1321.858	232.9234	1.390362	1.089737
378	-1114.222	-1347.384	233.1625	1.39417	0.8354003
384	-1109.156	-1342.081	232.9253	1.631344	0.8354003
390	-1095.89	-1328.669	232.7795	1.717587	0.9054452
396	-1082.478	-1315.313	232.8355	1.182367	1.341663
402	-1090.599	-1323.543	232.9442	1.182367	1.253245
408	-1086.257	-1317.717	231.4601	0.7557241	2.567121
414	-1074.735	-1307.45	232.715	1.158973	1.453718
420	-1095.364	-1328.216	232.8518	1.250438	1.273414
426	-1093.201	-1325.982	232.7809	1.158941	1.40308
432	-1116.263	-1349.396	233.1324	1.451852	0.7999059
438	-1088.106	-1321.163	233.0567	1.473254	0.8677411
444	-1089.794	-1322.919	233.125	1.404969	0.8677411
450	-1111.988	-1344.911	232.9233	1.722682	0.7080347
456	-1085.081	-1317.764	232.6832	1.503041	1.20294
462	-1076.329	-1309.375	233.0464	1.276849	1.080918
468	-1093.728	-1326.193	232.465	1.113843	1.670901
474	-1095.464	-1328.14	232.6754	1.236595	1.424628
480	-1097.22	-1329.895	232.6754	1.236595	1.424628
486	-1092.279	-1325.491	233.2128	1.402166	0.7569927
492	-1086.511	-1319.349	232.8381	1.776845	0.7569927
498	-1087.198	-1320.193	232.9952	1.716376	0.5366767
504	-1107.043	-1340.179	233.136	1.530222	0.6712511
510	-1106.384	-1339.329	232.9447	1.752472	0.5979587
516	-1098.646	-1331.483	232.8367	1.752472	0.793313
522	-1108.431	-1341.112	232.6809	1.99403	0.3726895
528	-1110.649	-1343.054	232.405	2.255664	0.3538113
534	-1107.555	-1340.253	232.6983	2.015697	0.4903426
540	-1112.1	-1344.909	232.8093	1.886733	0.4107872
546	-1118.198	-1350.763	232.5657	2.14802	0.4848867
552	-1122.007	-1354.486	232.4792	2.212394	0.4011064
558	-1113.913	-1346.447	232.5342	2.140832	0.3728734
564	-1104.432	-1337.034	232.602	2.07303	0.3728734
570	-1089.345	-1321.986	232.6414	2.033663	0.3728734
576	-1085.902	-1318.412	232.5101	2.033663	0.2619101
582	-1076.152	-1308.792	232.6402	2.033663	0.3710829
588	-1090.824	-1323.724	232.9	1.813225	0.4787628
594	-1081.837	-1314.547	232.7102	1.967201	0.3763461
600	-1101.477	-1333.905	232.428	2.190468	0.3118957
606	-1085.414	-1317.953	232.5389	2.022974	0.2723299
612	-1071.694	-1304.357	232.6622	1.994488	0.3491097
618	-1072.624	-1305.282	232.6578	1.994488	0.3440605
624	-1084.153	-1316.763	232.6097	2.007032	0.3104638
630	-1087.857	-1320.571	232.7138	1.980412	0.4066409
636	-1092.03	-1324.844	232.8141	1.897305	0.463657
642	-1088.77	-1321.937	233.1672	1.496874	0.6753893
648	-1093.041	-1326.117	233.0765	1.522318	0.7800063
654	-1089.389	-1322.513	233.1241	1.442026	0.823447
660	-1050.7	-1283.658	232.9585	1.442026	1.006767
666	-1065.372	-1298.382	233.0102	1.34359	1.052256
672	-1069.357	-1302.435	233.0782	1.525771	0.7728819
678	-1060.562	-1293.64	233.0782	1.525771	0.7728819
684	-1055.27	-1288.3	233.0301	1.631566	0.6799415
690	-1057.088	-1290.179	233.0903	1.61614	0.5646615
696	-1064.63	-1297.343	232.7123	1.259102	1.378412
702	-1068.004	-1300.839	232.8342	1.390113	1.16998
708	-1063.817	-1296.758	232.9417	1.190082	1.248934
714	-1092.281	-1325.257	232.9765	1.15528	1.248934
720	-1104.277	-1336.196	231.9187	0.911191	2.177913
726	-1096.499	-1328.898	232.3986	1.053997	1.760006
732	-1102.153	-1335.244	233.0907	1.417369	0.8930805
738	-1099.698	-1332.315	232.6163	1.409889	1.335029
744	-1108.853	-1341.522	232.6691	1.325543	1.360138
750	-1118.269	-1351.372	233.1022	1.400625	0.8990692
756	-1110.042	-1342.933	232.8907	1.418789	1.093716
762	-1122.312	-1354.573	232.2611	1.314179	1.673473
768	-1116.714	-1349.268	232.554	1.13973	1.588016
774	-1121.04	-1353.61	232.5693	1.129682	1.584203
780	-1104.336	-1336.758	232.4222	1.159671	1.668763
786	-1113.465	-1346.361	232.8958	0.9758626	1.455469
792	-1095.031	-1327.768	232.7367	1.237634	1.37613
798	-1068.781	-1301.569	232.7884	1.185901	1.37613
804	-1070.914	-1303.086	232.1722	0.8299838	2.065207
810	-1065.433	-1298.136	232.7025	1.130894	1.484479
816	-1082.457	-1314.693	232.2353	1.123705	1.824907
822	-1083.939	-1316.283	232.3446	1.014409	1.824907
828	-1090.383	-1321.645	231.2624	0.8671256	2.620616
834	-1100.111	-1331.675	231.5641	0.5653715	2.620616
840	-1097.124	-1329.478	232.3533	1.10067	1.759053
846	-1115.708	-1348.335	232.627	1.405371	1.330107
852	-1137.101	-1369.488	232.3866	1.162563	1.692036
858	-1128.276	-1360.66	232.3845	1.279982	1.609302
864	-1119.678	-1352.499	232.8208	1.412779	1.161874
870	-1126.905	-1359.184	232.2791	1.014382	1.86984
876	-1145.937	-1378.294	232.3565	0.9567672	1.856302
882	-1132.673	-1364.513	231.84	0.9801903	2.184193
888	-1129.281	-1361.497	232.2153	0.9733617	1.940905
894	-1118.68	-1351.014	232.3338	0.8256938	1.960523
900	-1113.573	-1345.751	232.1779	1.134377	1.85703
906	-1107.239	-1340.287	233.048	1.09099	1.242843
912	-1090.305	-1323.304	232.9986	1.195011	1.19658
918	-1092.338	-1325.382	233.044	1.097602	1.240692
924	-1081.081	-1314.023	232.9428	1.281075	1.170404
930	-1091.277	-1324.349	233.0716	1.467403	0.8570392
936	-1120.298	-1353.536	233.2376	1.125818	1.043025
942	-1098.375	-1331.507	233.1325	1.566419	0.5924173
948	-1085.359	-1318.372	233.0123	1.564386	0.8098289
954	-1094.207	-1327.162	232.9546	1.695521	0.700875
960	-1091.727	-1324.764	233.0368	1.462055	0.9034298
966	-1089.021	-1321.85	232.829	1.492305	1.082747
972	-1090.41	-1323.32	232.9098	1.77998	0.6187817
978	-1084.115	-1316.967	232.8517	1.812396	0.6752673
984	-1096.422	-1329.202	232.7803	1.868865	0.7025982
990	-1088.347	-1321.415	233.0685	1.592107	0.6819761
996	-1102.134	-1335	232.8657	1.412144	1.122557
